python : Traceback (most recent call last):
Au caractère Ligne:1 : 38
+ ... s\Alibi\Code project" ; python download_kernel_output.py 2>&1 | Out-F ...
+                             ~~~~~~~~~~~~~~~~~~~~~~~~~~~~~~~~~~~~~
    + CategoryInfo          : NotSpecified: (Traceback (most recent call last)::Stri 
   ng) [], RemoteException
    + FullyQualifiedErrorId : NativeCommandError
 
Downloading kernel output from: elonmj/arz-validation-76rlperformance-ecuf
Output directory: D:\Projets\Alibi\Code project\kaggle_kernel_output
Output file downloaded to kaggle_kernel_output\section_7_6_rl_performance/data/metrics/rl_performance_comparison.csv
Output file downloaded to kaggle_kernel_output\section_7_6_rl_performance/data/models/checkpoints/traffic_light_control_checkpoint_100_steps.zip
Output file downloaded to kaggle_kernel_output\section_7_6_rl_performance/data/models/checkpoints/traffic_light_control_checkpoint_50_steps.zip
Output file downloaded to kaggle_kernel_output\section_7_6_rl_performance/data/models/rl_agent_traffic_light_control.zip
Output file downloaded to kaggle_kernel_output\section_7_6_rl_performance/data/models/tensorboard/PPO_1/events.out.tfevents.1759876149.DESKTOP-VO6HLNV.21976.0
Output file downloaded to kaggle_kernel_output\section_7_6_rl_performance/data/models/tensorboard/PPO_2/events.out.tfevents.1759877418.DESKTOP-VO6HLNV.6660.0
Output file downloaded to kaggle_kernel_output\section_7_6_rl_performance/data/models/tensorboard/PPO_2/events.out.tfevents.1759967682.daa70e37b006.47.0
Output file downloaded to kaggle_kernel_output\section_7_6_rl_performance/data/scenarios/traffic_light_control.yml
Output file downloaded to kaggle_kernel_output\section_7_6_rl_performance/figures/fig_rl_learning_curve.png
Output file downloaded to kaggle_kernel_output\section_7_6_rl_performance/figures/fig_rl_performance_improvements.png
Output file downloaded to kaggle_kernel_output\section_7_6_rl_performance/latex/section_7_6_content.tex
Output file downloaded to kaggle_kernel_output\section_7_6_rl_performance/session_summary.json
Output file downloaded to kaggle_kernel_output\validation_log.txt
Output file downloaded to kaggle_kernel_output\validation_results/session_summary.json
[ERROR] Failed to download: 'charmap' codec can't encode character '\U0001f680' in position 9972: character maps to <undefined>
  File "D:\Projets\Alibi\Code project\download_kernel_output.py", line 28, in 
<module>
    api.kernels_output_cli(
  File "C:\Users\JOSAPHAT\AppData\Roaming\Python\Python312\site-packages\kaggle\api\k
aggle_api_extended.py", line 2821, in kernels_output_cli
    (_, token) = self.kernels_output(kernel, path, force, quiet)
                 ^^^^^^^^^^^^^^^^^^^^^^^^^^^^^^^^^^^^^^^^^^^^^^^
  File "C:\Users\JOSAPHAT\AppData\Roaming\Python\Python312\site-packages\kaggle\api\k
aggle_api_extended.py", line 2800, in kernels_output
    out.write(log)
  File "C:\Python312\Lib\encodings\cp1252.py", line 19, in encode
    return codecs.charmap_encode(input,self.errors,encoding_table)[0]
           ^^^^^^^^^^^^^^^^^^^^^^^^^^^^^^^^^^^^^^^^^^^^^^^^^^^^^^^
UnicodeEncodeError: 'charmap' codec can't encode character '\U0001f680' in position 
9972: character maps to <undefined>
